<?xml version="1.0" encoding="UTF-8"?>
<testng-results skipped="0" failed="0" ignored="0" total="1" passed="1">
  <reporter-output>
  </reporter-output>
  <suite name="Suite" duration-ms="4360" started-at="2018-03-10T04:46:58Z" finished-at="2018-03-10T04:47:03Z">
    <groups>
    </groups>
    <test name="Test" duration-ms="4360" started-at="2018-03-10T04:46:58Z" finished-at="2018-03-10T04:47:03Z">
      <class name="testPackage.NewTest">
        <test-method status="PASS" signature="beforeTest()[pri:0, instance:testPackage.NewTest@3f2a3a5]" name="beforeTest" is-config="true" duration-ms="2640" started-at="2018-03-10T04:46:58Z" finished-at="2018-03-10T04:47:01Z">
          <reporter-output>
          </reporter-output>
        </test-method> <!-- beforeTest -->
        <test-method status="PASS" signature="f()[pri:0, instance:testPackage.NewTest@3f2a3a5]" name="f" duration-ms="1599" started-at="2018-03-10T04:47:01Z" finished-at="2018-03-10T04:47:03Z">
          <reporter-output>
          </reporter-output>
        </test-method> <!-- f -->
        <test-method status="PASS" signature="afterTest()[pri:0, instance:testPackage.NewTest@3f2a3a5]" name="afterTest" is-config="true" duration-ms="111" started-at="2018-03-10T04:47:03Z" finished-at="2018-03-10T04:47:03Z">
          <reporter-output>
          </reporter-output>
        </test-method> <!-- afterTest -->
      </class> <!-- testPackage.NewTest -->
    </test> <!-- Test -->
  </suite> <!-- Suite -->
</testng-results>
