<?xml version="1.0" encoding="UTF-8"?>
<testng-results skipped="0" failed="0" ignored="0" total="1" passed="1">
  <reporter-output>
  </reporter-output>
  <suite name="Suite" duration-ms="5699" started-at="2018-03-10T02:53:44Z" finished-at="2018-03-10T02:53:50Z">
    <groups>
    </groups>
    <test name="Test" duration-ms="5699" started-at="2018-03-10T02:53:44Z" finished-at="2018-03-10T02:53:50Z">
      <class name="testPackage.NewTest">
        <test-method status="PASS" signature="beforeTest()[pri:0, instance:testPackage.NewTest@685cb137]" name="beforeTest" is-config="true" duration-ms="3001" started-at="2018-03-10T02:53:44Z" finished-at="2018-03-10T02:53:47Z">
          <reporter-output>
          </reporter-output>
        </test-method> <!-- beforeTest -->
        <test-method status="PASS" signature="f()[pri:0, instance:testPackage.NewTest@685cb137]" name="f" duration-ms="2566" started-at="2018-03-10T02:53:47Z" finished-at="2018-03-10T02:53:50Z">
          <reporter-output>
          </reporter-output>
        </test-method> <!-- f -->
        <test-method status="PASS" signature="afterTest()[pri:0, instance:testPackage.NewTest@685cb137]" name="afterTest" is-config="true" duration-ms="119" started-at="2018-03-10T02:53:50Z" finished-at="2018-03-10T02:53:50Z">
          <reporter-output>
          </reporter-output>
        </test-method> <!-- afterTest -->
      </class> <!-- testPackage.NewTest -->
    </test> <!-- Test -->
  </suite> <!-- Suite -->
</testng-results>
